g:\myrender\vtkrender\vtkrender\x64\debug\vc142.pdb
g:\myrender\vtkrender\vtkrender\x64\debug\main.obj
g:\myrender\vtkrender\vtkrender\x64\debug\moc_vtkrender.obj
g:\myrender\vtkrender\vtkrender\x64\debug\qrc_vtkrender.obj
g:\myrender\vtkrender\vtkrender\x64\debug\vtkrender.obj
g:\myrender\vtkrender\x64\debug\vtkrender.ilk
g:\myrender\vtkrender\x64\debug\vtkrender.exe
g:\myrender\vtkrender\x64\debug\vtkrender.pdb
g:\myrender\vtkrender\vtkrender\x64\debug\moc\moc_vtkrender.cpp
g:\myrender\vtkrender\vtkrender\x64\debug\rcc\qrc_vtkrender.cpp
g:\myrender\vtkrender\vtkrender\x64\debug\uic\ui_vtkrender.h
g:\myrender\vtkrender\vtkrender\x64\debug\vtkrender.tlog\cl.command.1.tlog
g:\myrender\vtkrender\vtkrender\x64\debug\vtkrender.tlog\cl.read.1.tlog
g:\myrender\vtkrender\vtkrender\x64\debug\vtkrender.tlog\cl.write.1.tlog
g:\myrender\vtkrender\vtkrender\x64\debug\vtkrender.tlog\link.command.1.tlog
g:\myrender\vtkrender\vtkrender\x64\debug\vtkrender.tlog\link.read.1.tlog
g:\myrender\vtkrender\vtkrender\x64\debug\vtkrender.tlog\link.write.1.tlog
g:\myrender\vtkrender\vtkrender\x64\debug\vtkrender.tlog\moc.read.1u.tlog
g:\myrender\vtkrender\vtkrender\x64\debug\vtkrender.tlog\moc.write.1u.tlog
g:\myrender\vtkrender\vtkrender\x64\debug\vtkrender.tlog\rcc.read.1u.tlog
g:\myrender\vtkrender\vtkrender\x64\debug\vtkrender.tlog\rcc.write.1u.tlog
g:\myrender\vtkrender\vtkrender\x64\debug\vtkrender.tlog\uic.read.1u.tlog
g:\myrender\vtkrender\vtkrender\x64\debug\vtkrender.tlog\uic.write.1u.tlog
g:\myrender\vtkrender\vtkrender\x64\debug\vtkrender.tlog\vtkrender.write.1u.tlog
